This file contains any messages produced by compilers while
running configure, to aid debugging if configure makes a mistake.

It was created by OpenSS7 configure 0.9.2, which was
generated by GNU Autoconf 2.59.  Invocation command line was

  $ ./configure 

## --------- ##
## Platform. ##
## --------- ##

hostname = lucifer
uname -m = x86_64
uname -r = 6.1.0-kali5-amd64
uname -s = Linux
uname -v = #1 SMP PREEMPT_DYNAMIC Debian 6.1.12-1kali2 (2023-02-23)

/usr/bin/uname -p = unknown
/bin/uname -X     = unknown

/bin/arch              = x86_64
/usr/bin/arch -k       = unknown
/usr/convex/getsysinfo = unknown
hostinfo               = unknown
/bin/machine           = unknown
/usr/bin/oslevel       = unknown
/bin/universe          = unknown

PATH: /usr/local/sbin
PATH: /usr/sbin
PATH: /sbin
PATH: /usr/local/bin
PATH: /usr/bin
PATH: /bin
PATH: /usr/local/games
PATH: /usr/games
PATH: /snap/bin
PATH: /home/mvorre/.dotnet/tools


## ----------- ##
## Core tests. ##
## ----------- ##

configure:1859: checking for development environment
configure:1874: result: yes
configure:1938: checking build system type
configure:1956: result: x86_64-unknown-linux-gnu
configure:1964: checking host system type
configure:1978: result: x86_64-unknown-linux-gnu
configure:1986: checking target system type
configure:2000: result: x86_64-unknown-linux-gnu
configure:2069: checking for dist build lsb release file
configure:2090: result: no
configure:2092: checking for dist build release file
configure:2121: result: /etc/debian_version
configure:2123: checking for dist build issue file
configure:2145: result: /etc/issue
configure:2148: checking for dist build flavor
configure:2185: result: debian
configure:2187: checking for dist build vendor
configure:2196: result: debian
configure:2198: checking for dist build release
configure:2224: result: 
configure:2226: checking for dist build distrib
configure:2234: result: Debian GNU/Linux
configure:2236: checking for dist build codename
configure:2284: result: unknown
configure:2286: checking for dist build cpu
configure:2310: result: amd64
configure:2312: checking for dist host lsb release file
configure:2333: result: no
configure:2335: checking for dist host release file
configure:2364: result: /etc/debian_version
configure:2366: checking for dist host issue file
configure:2388: result: /etc/issue
configure:2391: checking for dist host flavor
configure:2426: result: debian
configure:2428: checking for dist host vendor
configure:2436: result: debian
configure:2438: checking for dist host release
configure:2463: result: 
configure:2465: checking for dist host distrib
configure:2473: result: Debian GNU/Linux
configure:2475: checking for dist host codename
configure:2523: result: unknown
configure:2525: checking for dist host cpu
configure:2558: result: x86_64
configure:2562: checking build system type
configure:2572: result: x86_64-debian-linux
configure:2574: checking host system type
configure:2590: result: x86_64-debian-linux
configure:2592: checking target system type
configure:2608: result: x86_64-debian-linux
configure:2678: checking for a BSD-compatible install
configure:2733: result: /usr/bin/install -c
configure:2744: checking whether build environment is sane
configure:2787: result: yes

## ---------------- ##
## Cache variables. ##
## ---------------- ##

ac_cv_build=x86_64-unknown-linux-gnu
ac_cv_build_alias=x86_64-unknown-linux-gnu
ac_cv_env_BZIP2_CMD_set=
ac_cv_env_BZIP2_CMD_value=
ac_cv_env_BZIP2_set=
ac_cv_env_BZIP2_value=
ac_cv_env_CCASFLAGS_set=
ac_cv_env_CCASFLAGS_value=
ac_cv_env_CCAS_set=
ac_cv_env_CCAS_value=
ac_cv_env_CC_set=
ac_cv_env_CC_value=
ac_cv_env_CFLAGS_set=
ac_cv_env_CFLAGS_value=
ac_cv_env_CHKCONFIG_set=
ac_cv_env_CHKCONFIG_value=
ac_cv_env_CPPFLAGS_set=
ac_cv_env_CPPFLAGS_value=
ac_cv_env_CPP_set=
ac_cv_env_CPP_value=
ac_cv_env_CXXCPP_set=
ac_cv_env_CXXCPP_value=
ac_cv_env_CXXFLAGS_set=
ac_cv_env_CXXFLAGS_value=
ac_cv_env_CXX_set=
ac_cv_env_CXX_value=
ac_cv_env_DEB_BUILD_ARCH_set=
ac_cv_env_DEB_BUILD_ARCH_value=
ac_cv_env_DEB_BUILD_GNU_CPU_set=
ac_cv_env_DEB_BUILD_GNU_CPU_value=
ac_cv_env_DEB_BUILD_GNU_SYSTEM_set=
ac_cv_env_DEB_BUILD_GNU_SYSTEM_value=
ac_cv_env_DEB_BUILD_GNU_TYPE_set=
ac_cv_env_DEB_BUILD_GNU_TYPE_value=
ac_cv_env_DEB_HOST_ARCH_set=
ac_cv_env_DEB_HOST_ARCH_value=
ac_cv_env_DEB_HOST_GNU_CPU_set=
ac_cv_env_DEB_HOST_GNU_CPU_value=
ac_cv_env_DEB_HOST_GNU_SYSTEM_set=
ac_cv_env_DEB_HOST_GNU_SYSTEM_value=
ac_cv_env_DEB_HOST_GNU_TYPE_set=
ac_cv_env_DEB_HOST_GNU_TYPE_value=
ac_cv_env_DEPMOD_set=
ac_cv_env_DEPMOD_value=
ac_cv_env_DPKG_BUILDPACKAGE_set=
ac_cv_env_DPKG_BUILDPACKAGE_value=
ac_cv_env_DPKG_SOURCE_set=
ac_cv_env_DPKG_SOURCE_value=
ac_cv_env_DPKG_set=
ac_cv_env_DPKG_value=
ac_cv_env_F77_set=
ac_cv_env_F77_value=
ac_cv_env_FFLAGS_set=
ac_cv_env_FFLAGS_value=
ac_cv_env_GNUPGHOME_set=
ac_cv_env_GNUPGHOME_value=
ac_cv_env_GNUPGUSER_set=
ac_cv_env_GNUPGUSER_value=
ac_cv_env_GPG_set=
ac_cv_env_GPG_value=
ac_cv_env_GZIP_CMD_set=
ac_cv_env_GZIP_CMD_value=
ac_cv_env_GZIP_set=
ac_cv_env_GZIP_value=
ac_cv_env_INSSERV_set=
ac_cv_env_INSSERV_value=
ac_cv_env_LDCONFIG_set=
ac_cv_env_LDCONFIG_value=
ac_cv_env_LDFLAGS_set=
ac_cv_env_LDFLAGS_value=
ac_cv_env_LD_set=
ac_cv_env_LD_value=
ac_cv_env_LSMOD_set=
ac_cv_env_LSMOD_value=
ac_cv_env_LSOF_set=
ac_cv_env_LSOF_value=
ac_cv_env_MAKEWHATIS_set=
ac_cv_env_MAKEWHATIS_value=
ac_cv_env_MODPROBE_set=
ac_cv_env_MODPROBE_value=
ac_cv_env_PIC_set=
ac_cv_env_PIC_value=
ac_cv_env_REFER_set=
ac_cv_env_REFER_value=
ac_cv_env_RPMBUILD_set=
ac_cv_env_RPMBUILD_value=
ac_cv_env_RPM_set=
ac_cv_env_RPM_value=
ac_cv_env_SOELIM_set=
ac_cv_env_SOELIM_value=
ac_cv_env_TBL_set=
ac_cv_env_TBL_value=
ac_cv_env_build_alias_set=
ac_cv_env_build_alias_value=
ac_cv_env_host_alias_set=
ac_cv_env_host_alias_value=
ac_cv_env_target_alias_set=
ac_cv_env_target_alias_value=
ac_cv_host=x86_64-unknown-linux-gnu
ac_cv_host_alias=x86_64-unknown-linux-gnu
ac_cv_path_install='/usr/bin/install -c'
ac_cv_target=x86_64-unknown-linux-gnu
ac_cv_target_alias=x86_64-unknown-linux-gnu
dist_cv_build_codename=unknown
dist_cv_build_cpu=amd64
dist_cv_build_distrib='Debian GNU/Linux'
dist_cv_build_flavor=debian
dist_cv_build_issue_file=/etc/issue
dist_cv_build_lsb_file=no
dist_cv_build_rel_file=/etc/debian_version
dist_cv_build_release=
dist_cv_build_vendor=debian
dist_cv_host_codename=unknown
dist_cv_host_cpu=x86_64
dist_cv_host_distrib='Debian GNU/Linux'
dist_cv_host_flavor=debian
dist_cv_host_issue_file=/etc/issue
dist_cv_host_lsb_file=no
dist_cv_host_rel_file=/etc/debian_version
dist_cv_host_release=
dist_cv_host_vendor=debian

## ----------------- ##
## Output variables. ##
## ----------------- ##

ACLOCAL=''
ALLOCA=''
AMDEPBACKSLASH=''
AMDEP_FALSE=''
AMDEP_TRUE=''
AMTAR=''
AP_AUTOPR=''
AP_CONFIG=''
AP_DISTRIBUTION=''
AP_SCRIPT=''
AR=''
AUTOCONF=''
AUTOHEADER=''
AUTOMAKE=''
AWK=''
BUILD_DPKG_FALSE=''
BUILD_DPKG_TRUE=''
BUILD_RPMS_FALSE=''
BUILD_RPMS_TRUE=''
BZIP2=''
BZIP2_CMD=''
CC=''
CCAS=''
CCASFLAGS=''
CCDEPMODE=''
CFLAGS=''
CHKCONFIG=''
COMPRESS_KERNEL_MODULES=''
COMPRESS_MANPAGES_FALSE=''
COMPRESS_MANPAGES_TRUE=''
COOKED_MANPAGES_FALSE=''
COOKED_MANPAGES_TRUE=''
CPP=''
CPPFLAGS=''
CXX=''
CXXCPP=''
CXXDEPMODE=''
CXXFLAGS=''
CYGPATH_W=''
DEB_BUILD_ARCH=''
DEB_BUILD_GNU_CPU=''
DEB_BUILD_GNU_SYSTEM=''
DEB_BUILD_GNU_TYPE=''
DEB_HOST_ARCH=''
DEB_HOST_GNU_CPU=''
DEB_HOST_GNU_SYSTEM=''
DEB_HOST_GNU_TYPE=''
DEFS=''
DEPDIR=''
DEPMOD=''
DEVELOPMENT_FALSE='#'
DEVELOPMENT_TRUE=''
DPKG=''
DPKG_BUILDPACKAGE=''
DPKG_SOURCE=''
ECHO='echo'
ECHO_C=''
ECHO_N='-n'
ECHO_T=''
EGREP=''
EXEEXT=''
F77=''
FFLAGS=''
GNUPGHOME=''
GNUPGUSER=''
GPG=''
GZIP=''
GZIP_CMD=''
INET_CPPFLAGS=''
INET_LDADD=''
INET_MANPATH=''
INET_MODFLAGS=''
INET_MODMAP=''
INET_SYMVER=''
INET_VERSION=''
INSSERV=''
INSTALL_DATA='${INSTALL} -m 644'
INSTALL_INITSCRIPTS_FALSE=''
INSTALL_INITSCRIPTS_TRUE=''
INSTALL_PROGRAM='${INSTALL}'
INSTALL_SCRIPT='${INSTALL}'
INSTALL_STRIP_PROGRAM=''
KERNEL_BLDFLAGS=''
KERNEL_CFLAGS=''
KERNEL_CPPFLAGS=''
KERNEL_EXPSYMTAB=''
KERNEL_LDFLAGS=''
KERNEL_MODFLAGS=''
KERNEL_NOVERSION=''
KERNEL_VERSIONS_FALSE=''
KERNEL_VERSIONS_TRUE=''
LD=''
LDCONFIG=''
LDFLAGS=''
LFS_VERSION=''
LIBOBJS=''
LIBS=''
LIBTOOL=''
LIBTOOL_DEPS=''
LIS_VERSION=''
LN_S=''
LSMOD=''
LSOF=''
LTLIBOBJS=''
MAINT=''
MAINTAINER_MODE_FALSE=''
MAINTAINER_MODE_TRUE=''
MAKEINFO=''
MAKEWHATIS=''
MODPROBE=''
OBJEXT=''
PACKAGE=''
PACKAGE_BUGREPORT='bugs@openss7.org'
PACKAGE_DATE=''
PACKAGE_DEBEPOCH=''
PACKAGE_DEBOPTIONS=''
PACKAGE_DEBRELEASE=''
PACKAGE_DEBTOPDIR=''
PACKAGE_DISTDIR=''
PACKAGE_EPOCH=''
PACKAGE_KNUMBER=''
PACKAGE_KVERSION=''
PACKAGE_LCNAME=''
PACKAGE_NAME='OpenSS7'
PACKAGE_RELEASE=''
PACKAGE_RPMDIST=''
PACKAGE_RPMEPOCH=''
PACKAGE_RPMEXTRA2=''
PACKAGE_RPMEXTRA=''
PACKAGE_RPMOPTIONS=''
PACKAGE_RPMRELEASE=''
PACKAGE_SHORTTITLE=''
PACKAGE_STRING='OpenSS7 0.9.2'
PACKAGE_TARNAME='openss7'
PACKAGE_TITLE=''
PACKAGE_UCNAME=''
PACKAGE_VERSION='0.9.2'
PATH_SEPARATOR=':'
PERFORM_CHECKS_FALSE=''
PERFORM_CHECKS_TRUE=''
PIC=''
PKGINCL=''
PKG_BUILD_ARCH_FALSE=''
PKG_BUILD_ARCH_TRUE=''
PKG_BUILD_INDEP_FALSE=''
PKG_BUILD_INDEP_TRUE=''
PKG_INCLUDES=''
PKG_MANPATH=''
PKG_MODFLAGS=''
POW_LIB=''
PUBLIC_RELEASE_FALSE=''
PUBLIC_RELEASE_TRUE=''
RANLIB=''
REFER=''
RPM=''
RPMBUILD=''
RPM_BUILD_KERNEL_FALSE=''
RPM_BUILD_KERNEL_TRUE=''
RPM_BUILD_USER_FALSE=''
RPM_BUILD_USER_TRUE=''
SCTP_CPPFLAGS=''
SCTP_LDADD=''
SCTP_MANPATH=''
SCTP_MODFLAGS=''
SCTP_MODMAP=''
SCTP_SYMVER=''
SCTP_VERSION=''
SET_MAKE=''
SHELL='/bin/bash'
SOELIM=''
SS7_CPPFLAGS=''
SS7_LDADD=''
SS7_MANPATH=''
SS7_MODFLAGS=''
SS7_MODMAP=''
SS7_SYMVER=''
SS7_VERSION=''
STRCOMP_CPPFLAGS=''
STRCOMP_LDADD=''
STRCOMP_MANPATH=''
STRCOMP_MODFLAGS=''
STRCOMP_MODMAP=''
STRCOMP_SYMVER=''
STRCOMP_VERSION=''
STREAMS_CPPFLAGS=''
STREAMS_LDADD=''
STREAMS_MANPATH=''
STREAMS_MODFLAGS=''
STREAMS_MODMAP=''
STREAMS_SYMVER=''
STREAMS_VERSION=''
STRIP=''
TBL=''
USER_CFLAGS=''
USER_CPPFLAGS=''
USER_LDFLAGS=''
VERSION=''
WITH_DEVFS_FALSE=''
WITH_DEVFS_TRUE=''
WITH_KO_MODULES_FALSE=''
WITH_KO_MODULES_TRUE=''
WITH_LFS_FALSE=''
WITH_LFS_TRUE=''
WITH_LINUX_2_4_FALSE=''
WITH_LINUX_2_4_TRUE=''
WITH_LINUX_2_6_FALSE=''
WITH_LINUX_2_6_TRUE=''
WITH_LIS_FALSE=''
WITH_LIS_TRUE=''
WITH_RCSD_DIRECTORY_FALSE=''
WITH_RCSD_DIRECTORY_TRUE=''
XNS_CPPFLAGS=''
XNS_LDADD=''
XNS_MANPATH=''
XNS_MODFLAGS=''
XNS_MODMAP=''
XNS_SYMVER=''
XNS_VERSION=''
XTI_CPPFLAGS=''
XTI_LDADD=''
XTI_MANPATH=''
XTI_MODFLAGS=''
XTI_MODMAP=''
XTI_SYMVER=''
XTI_VERSION=''
YACC=''
ac_ct_AR=''
ac_ct_CC=''
ac_ct_CXX=''
ac_ct_F77=''
ac_ct_RANLIB=''
ac_ct_STRIP=''
ac_pt_CHKCONFIG=''
ac_pt_DEPMOD=''
ac_pt_DPKG=''
ac_pt_DPKG_BUILDPACKAGE=''
ac_pt_DPKG_SOURCE=''
ac_pt_GPG=''
ac_pt_INSSERV=''
ac_pt_LDCONFIG=''
ac_pt_LSMOD=''
ac_pt_LSOF=''
ac_pt_MODPROBE=''
ac_pt_RPM=''
ac_pt_RPMBUILD=''
am__fastdepCC_FALSE=''
am__fastdepCC_TRUE=''
am__fastdepCXX_FALSE=''
am__fastdepCXX_TRUE=''
am__include=''
am__leading_dot=''
am__quote=''
am__tar=''
am__untar=''
bindir='${exec_prefix}/bin'
build='x86_64-debian-linux'
build_alias=''
build_cpu='x86_64'
build_os='linux'
build_vendor='debian'
configdir=''
cross_compiling='no'
datadir='${prefix}/share'
debbuilddir=''
exec_prefix='NONE'
host='x86_64-debian-linux'
host_alias=''
host_cpu='x86_64'
host_os='linux'
host_vendor='debian'
includedir='${prefix}/include'
infodir='${prefix}/share/info'
initrddir=''
install_sh=''
kallsyms=''
karch=''
kbase=''
kboot=''
kbuilddir=''
kconfig=''
kernel_headers=''
kernel_image=''
kernel_source=''
kext=''
kmachdir=''
kmajor=''
kmarch=''
kminor=''
kmoduledir=''
kmodver=''
knumber=''
kpatch=''
krelease=''
ksrcdir=''
ksyms=''
ksysmap=''
kversion=''
kzip=''
libdir='${exec_prefix}/lib64'
libexecdir='${exec_prefix}/libexec'
localstatedir='${prefix}/var'
mandir='${prefix}/share/man'
master_builddir=''
master_srcdir=''
mkdir_p=''
modutildir=''
oldincludedir='/usr/include'
prefix='NONE'
preloads=''
program_transform_name='s,x,x,'
rootdir=''
rpmbuilddir=''
rpmdir=''
sbindir='${exec_prefix}/sbin'
sharedstatedir='${prefix}/com'
sourcedir=''
specdir=''
srcrpmdir=''
subdirs=''
sysconfdir='${rootdir}/etc'
target='x86_64-debian-linux'
target_alias=''
target_cpu='x86_64'
target_os='linux'
target_vendor='debian'
topdir=''

## ------------- ##
## Output files. ##
## ------------- ##

mscript_header=''
mscript_postinst=''
mscript_postrm=''
mscript_preinst=''
mscript_prerm=''

## ----------- ##
## confdefs.h. ##
## ----------- ##

#define PACKAGE_BUGREPORT "bugs@openss7.org"
#define PACKAGE_NAME "OpenSS7"
#define PACKAGE_STRING "OpenSS7 0.9.2"
#define PACKAGE_TARNAME "openss7"
#define PACKAGE_VERSION "0.9.2"

configure: exit 2
